<?xml version="1.0" encoding="UTF-8"?>
<testsuite name="com.bridgelabz.JUNIT.junitTest" tests="4" skipped="0" failures="0" errors="0" timestamp="2020-04-02T13:42:39" hostname="DESKTOP-1TPDQPH" time="0.004">
  <properties/>
  <testcase name="SadModeTest" classname="com.bridgelabz.JUNIT.junitTest" time="0.002"/>
  <testcase name="ModeTest" classname="com.bridgelabz.JUNIT.junitTest" time="0.0"/>
  <testcase name="enterProperMoodWhenEmpty" classname="com.bridgelabz.JUNIT.junitTest" time="0.001"/>
  <testcase name="happyWhenNull" classname="com.bridgelabz.JUNIT.junitTest" time="0.0"/>
  <system-out><![CDATA[]]></system-out>
  <system-err><![CDATA[]]></system-err>
</testsuite>
